<?xml version="1.0" encoding="UTF-8"?>
<!-- Generated by org.testng.reporters.JUnitReportReporter -->
<testsuite hostname="SALEEMBASHA" name="driverFactory.DriverScript" tests="1" failures="0" timestamp="12 Aug 2022 07:21:48 GMT" time="19.607" errors="0">
  <testcase name="startTest" time="19.607" classname="driverFactory.DriverScript"/>
</testsuite> <!-- driverFactory.DriverScript -->
